2013/06/30 20:45:07 [error] [exception.CException] exception 'CException' with message 'SiteController and its behaviors do not have a method or closure named "layout".' in /Users/xuanfei/Projects/Lijizu/web/2/framework/base/CComponent.php:266
Stack trace:
#0 /Users/xuanfei/Projects/Lijizu/web/2/protected/controllers/SiteController.php(32): CComponent->__call('layout', Array)
#1 /Users/xuanfei/Projects/Lijizu/web/2/protected/controllers/SiteController.php(32): SiteController->layout('column1')
#2 /Users/xuanfei/Projects/Lijizu/web/2/framework/web/actions/CInlineAction.php(50): SiteController->actionIndex()
#3 /Users/xuanfei/Projects/Lijizu/web/2/framework/web/CController.php(309): CInlineAction->runWithParams(Array)
#4 /Users/xuanfei/Projects/Lijizu/web/2/framework/web/CController.php(287): CController->runAction(Object(CInlineAction))
#5 /Users/xuanfei/Projects/Lijizu/web/2/framework/web/CController.php(266): CController->runActionWithFilters(Object(CInlineAction), Array)
#6 /Users/xuanfei/Projects/Lijizu/web/2/framework/web/CWebApplication.php(318): CController->run('index')
#7 /Users/xuanfei/Projects/Lijizu/web/2/framework/web/CWebApplication.php(177): CWebApplication->runController('site/index')
#8 /Users/xuanfei/Projects/Lijizu/web/2/framework/base/CApplication.php(162): CWebApplication->processRequest()
#9 /Users/xuanfei/Projects/Lijizu/web/2/index.php(13): CApplication->run()
#10 {main}
REQUEST_URI=/index.php?r=site/index
HTTP_REFERER=http://localhost:8080/index.php?r=site/login
---
2013/06/30 22:59:18 [error] [exception.CException] exception 'CException' with message 'Property "RequestForm.name" is not defined.' in /Users/xuanfei/Projects/Lijizu/web/2/framework/base/CComponent.php:131
Stack trace:
#0 /Users/xuanfei/Projects/Lijizu/web/2/framework/web/helpers/CHtml.php(2044): CComponent->__get('name')
#1 /Users/xuanfei/Projects/Lijizu/web/2/framework/web/helpers/CHtml.php(1774): CHtml::resolveValue(Object(RequestForm), 'name')
#2 /Users/xuanfei/Projects/Lijizu/web/2/framework/web/helpers/CHtml.php(1205): CHtml::activeInputField('text', Object(RequestForm), 'name', Array)
#3 /Users/xuanfei/Projects/Lijizu/web/2/framework/web/widgets/CActiveForm.php(575): CHtml::activeTextField(Object(RequestForm), 'name', Array)
#4 /Users/xuanfei/Projects/Lijizu/web/2/protected/views/site/landing.php(26): CActiveForm->textField(Object(RequestForm), 'name')
#5 /Users/xuanfei/Projects/Lijizu/web/2/framework/web/CBaseController.php(127): require('/Users/xuanfei/...')
#6 /Users/xuanfei/Projects/Lijizu/web/2/framework/web/CBaseController.php(96): CBaseController->renderInternal('/Users/xuanfei/...', Array, true)
#7 /Users/xuanfei/Projects/Lijizu/web/2/framework/web/CController.php(870): CBaseController->renderFile('/Users/xuanfei/...', Array, true)
#8 /Users/xuanfei/Projects/Lijizu/web/2/framework/web/CController.php(783): CController->renderPartial('landing', Array, true)
#9 /Users/xuanfei/Projects/Lijizu/web/2/protected/controllers/SiteController.php(67): CController->render('landing', Array)
#10 /Users/xuanfei/Projects/Lijizu/web/2/framework/web/actions/CInlineAction.php(50): SiteController->actionLanding()
#11 /Users/xuanfei/Projects/Lijizu/web/2/framework/web/CController.php(309): CInlineAction->runWithParams(Array)
#12 /Users/xuanfei/Projects/Lijizu/web/2/framework/web/CController.php(287): CController->runAction(Object(CInlineAction))
#13 /Users/xuanfei/Projects/Lijizu/web/2/framework/web/CController.php(266): CController->runActionWithFilters(Object(CInlineAction), Array)
#14 /Users/xuanfei/Projects/Lijizu/web/2/framework/web/CWebApplication.php(318): CController->run('landing')
#15 /Users/xuanfei/Projects/Lijizu/web/2/framework/web/CWebApplication.php(177): CWebApplication->runController('site/landing')
#16 /Users/xuanfei/Projects/Lijizu/web/2/framework/base/CApplication.php(162): CWebApplication->processRequest()
#17 /Users/xuanfei/Projects/Lijizu/web/2/index.php(13): CApplication->run()
#18 {main}
REQUEST_URI=/index.php?r=site/landing
---
2013/06/30 23:00:51 [error] [php] include(mobile.php): failed to open stream: No such file or directory (/Users/xuanfei/Projects/Lijizu/web/2/framework/YiiBase.php:432)
Stack trace:
#0 /Users/xuanfei/Projects/Lijizu/web/2/framework/validators/CValidator.php(171): import()
#1 /Users/xuanfei/Projects/Lijizu/web/2/framework/base/CModel.php(285): createValidator()
#2 /Users/xuanfei/Projects/Lijizu/web/2/framework/base/CModel.php(259): RequestForm->createValidators()
#3 /Users/xuanfei/Projects/Lijizu/web/2/framework/base/CModel.php(302): RequestForm->getValidators()
#4 /Users/xuanfei/Projects/Lijizu/web/2/framework/web/helpers/CHtml.php(1185): RequestForm->isAttributeRequired()
#5 /Users/xuanfei/Projects/Lijizu/web/2/framework/web/widgets/CActiveForm.php(560): activeLabelEx()
#6 /Users/xuanfei/Projects/Lijizu/web/2/protected/views/site/landing.php(25): CActiveForm->labelEx()
#7 /Users/xuanfei/Projects/Lijizu/web/2/framework/web/CBaseController.php(127): require()
#8 /Users/xuanfei/Projects/Lijizu/web/2/framework/web/CBaseController.php(96): SiteController->renderInternal()
#9 /Users/xuanfei/Projects/Lijizu/web/2/framework/web/CController.php(870): SiteController->renderFile()
#10 /Users/xuanfei/Projects/Lijizu/web/2/framework/web/CController.php(783): SiteController->renderPartial()
#11 /Users/xuanfei/Projects/Lijizu/web/2/protected/controllers/SiteController.php(67): SiteController->render()
#12 /Users/xuanfei/Projects/Lijizu/web/2/framework/web/actions/CInlineAction.php(50): SiteController->actionLanding()
#13 /Users/xuanfei/Projects/Lijizu/web/2/framework/web/CController.php(309): CInlineAction->runWithParams()
#14 /Users/xuanfei/Projects/Lijizu/web/2/framework/web/CController.php(287): SiteController->runAction()
#15 /Users/xuanfei/Projects/Lijizu/web/2/framework/web/CController.php(266): SiteController->runActionWithFilters()
#16 /Users/xuanfei/Projects/Lijizu/web/2/framework/web/CWebApplication.php(318): SiteController->run()
#17 /Users/xuanfei/Projects/Lijizu/web/2/framework/web/CWebApplication.php(177): CWebApplication->runController()
#18 /Users/xuanfei/Projects/Lijizu/web/2/framework/base/CApplication.php(162): CWebApplication->processRequest()
#19 /Users/xuanfei/Projects/Lijizu/web/2/index.php(13): CWebApplication->run()
REQUEST_URI=/index.php?r=site/landing
in /Users/xuanfei/Projects/Lijizu/web/2/protected/views/site/landing.php (25)
in /Users/xuanfei/Projects/Lijizu/web/2/protected/controllers/SiteController.php (67)
in /Users/xuanfei/Projects/Lijizu/web/2/index.php (13)
2013/06/30 23:07:10 [error] [php] include(mobile.php): failed to open stream: No such file or directory (/Users/xuanfei/Projects/Lijizu/web/2/framework/YiiBase.php:432)
Stack trace:
#0 /Users/xuanfei/Projects/Lijizu/web/2/framework/validators/CValidator.php(171): import()
#1 /Users/xuanfei/Projects/Lijizu/web/2/framework/base/CModel.php(285): createValidator()
#2 /Users/xuanfei/Projects/Lijizu/web/2/framework/base/CModel.php(259): RequestForm->createValidators()
#3 /Users/xuanfei/Projects/Lijizu/web/2/framework/base/CModel.php(302): RequestForm->getValidators()
#4 /Users/xuanfei/Projects/Lijizu/web/2/framework/web/helpers/CHtml.php(1185): RequestForm->isAttributeRequired()
#5 /Users/xuanfei/Projects/Lijizu/web/2/framework/web/widgets/CActiveForm.php(560): activeLabelEx()
#6 /Users/xuanfei/Projects/Lijizu/web/2/protected/views/site/landing.php(25): CActiveForm->labelEx()
#7 /Users/xuanfei/Projects/Lijizu/web/2/framework/web/CBaseController.php(127): require()
#8 /Users/xuanfei/Projects/Lijizu/web/2/framework/web/CBaseController.php(96): SiteController->renderInternal()
#9 /Users/xuanfei/Projects/Lijizu/web/2/framework/web/CController.php(870): SiteController->renderFile()
#10 /Users/xuanfei/Projects/Lijizu/web/2/framework/web/CController.php(783): SiteController->renderPartial()
#11 /Users/xuanfei/Projects/Lijizu/web/2/protected/controllers/SiteController.php(67): SiteController->render()
#12 /Users/xuanfei/Projects/Lijizu/web/2/framework/web/actions/CInlineAction.php(50): SiteController->actionLanding()
#13 /Users/xuanfei/Projects/Lijizu/web/2/framework/web/CController.php(309): CInlineAction->runWithParams()
#14 /Users/xuanfei/Projects/Lijizu/web/2/framework/web/CController.php(287): SiteController->runAction()
#15 /Users/xuanfei/Projects/Lijizu/web/2/framework/web/CController.php(266): SiteController->runActionWithFilters()
#16 /Users/xuanfei/Projects/Lijizu/web/2/framework/web/CWebApplication.php(318): SiteController->run()
#17 /Users/xuanfei/Projects/Lijizu/web/2/framework/web/CWebApplication.php(177): CWebApplication->runController()
#18 /Users/xuanfei/Projects/Lijizu/web/2/framework/base/CApplication.php(162): CWebApplication->processRequest()
#19 /Users/xuanfei/Projects/Lijizu/web/2/index.php(13): CWebApplication->run()
REQUEST_URI=/index.php?r=site/landing
in /Users/xuanfei/Projects/Lijizu/web/2/protected/views/site/landing.php (25)
in /Users/xuanfei/Projects/Lijizu/web/2/protected/controllers/SiteController.php (67)
in /Users/xuanfei/Projects/Lijizu/web/2/index.php (13)
2013/06/30 23:09:28 [error] [php] include(mobile.php): failed to open stream: No such file or directory (/Users/xuanfei/Projects/Lijizu/web/2/framework/YiiBase.php:432)
Stack trace:
#0 /Users/xuanfei/Projects/Lijizu/web/2/framework/validators/CValidator.php(171): import()
#1 /Users/xuanfei/Projects/Lijizu/web/2/framework/base/CModel.php(285): createValidator()
#2 /Users/xuanfei/Projects/Lijizu/web/2/framework/base/CModel.php(259): RequestForm->createValidators()
#3 /Users/xuanfei/Projects/Lijizu/web/2/framework/base/CModel.php(302): RequestForm->getValidators()
#4 /Users/xuanfei/Projects/Lijizu/web/2/framework/web/helpers/CHtml.php(1185): RequestForm->isAttributeRequired()
#5 /Users/xuanfei/Projects/Lijizu/web/2/framework/web/widgets/CActiveForm.php(560): activeLabelEx()
#6 /Users/xuanfei/Projects/Lijizu/web/2/protected/views/site/landing.php(25): CActiveForm->labelEx()
#7 /Users/xuanfei/Projects/Lijizu/web/2/framework/web/CBaseController.php(127): require()
#8 /Users/xuanfei/Projects/Lijizu/web/2/framework/web/CBaseController.php(96): SiteController->renderInternal()
#9 /Users/xuanfei/Projects/Lijizu/web/2/framework/web/CController.php(870): SiteController->renderFile()
#10 /Users/xuanfei/Projects/Lijizu/web/2/framework/web/CController.php(783): SiteController->renderPartial()
#11 /Users/xuanfei/Projects/Lijizu/web/2/protected/controllers/SiteController.php(69): SiteController->render()
#12 /Users/xuanfei/Projects/Lijizu/web/2/framework/web/actions/CInlineAction.php(50): SiteController->actionLanding()
#13 /Users/xuanfei/Projects/Lijizu/web/2/framework/web/CController.php(309): CInlineAction->runWithParams()
#14 /Users/xuanfei/Projects/Lijizu/web/2/framework/web/CController.php(287): SiteController->runAction()
#15 /Users/xuanfei/Projects/Lijizu/web/2/framework/web/CController.php(266): SiteController->runActionWithFilters()
#16 /Users/xuanfei/Projects/Lijizu/web/2/framework/web/CWebApplication.php(318): SiteController->run()
#17 /Users/xuanfei/Projects/Lijizu/web/2/framework/web/CWebApplication.php(177): CWebApplication->runController()
#18 /Users/xuanfei/Projects/Lijizu/web/2/framework/base/CApplication.php(162): CWebApplication->processRequest()
#19 /Users/xuanfei/Projects/Lijizu/web/2/index.php(13): CWebApplication->run()
REQUEST_URI=/index.php?r=site/landing
in /Users/xuanfei/Projects/Lijizu/web/2/protected/views/site/landing.php (25)
in /Users/xuanfei/Projects/Lijizu/web/2/protected/controllers/SiteController.php (69)
in /Users/xuanfei/Projects/Lijizu/web/2/index.php (13)
2013/06/30 23:20:15 [error] [php] Missing argument 3 for CActiveForm::dropDownList(), called in /Users/xuanfei/Projects/Lijizu/web/2/protected/views/site/landing.php on line 26 and defined (/Users/xuanfei/Projects/Lijizu/web/2/framework/web/widgets/CActiveForm.php:679)
Stack trace:
#0 /Users/xuanfei/Projects/Lijizu/web/2/framework/web/CBaseController.php(96): SiteController->renderInternal()
#1 /Users/xuanfei/Projects/Lijizu/web/2/framework/web/CController.php(870): SiteController->renderFile()
#2 /Users/xuanfei/Projects/Lijizu/web/2/framework/web/CController.php(783): SiteController->renderPartial()
#3 /Users/xuanfei/Projects/Lijizu/web/2/protected/controllers/SiteController.php(69): SiteController->render()
#4 /Users/xuanfei/Projects/Lijizu/web/2/framework/web/actions/CInlineAction.php(50): SiteController->actionLanding()
#5 /Users/xuanfei/Projects/Lijizu/web/2/framework/web/CController.php(309): CInlineAction->runWithParams()
#6 /Users/xuanfei/Projects/Lijizu/web/2/framework/web/CController.php(287): SiteController->runAction()
#7 /Users/xuanfei/Projects/Lijizu/web/2/framework/web/CController.php(266): SiteController->runActionWithFilters()
#8 /Users/xuanfei/Projects/Lijizu/web/2/framework/web/CWebApplication.php(318): SiteController->run()
#9 /Users/xuanfei/Projects/Lijizu/web/2/framework/web/CWebApplication.php(177): CWebApplication->runController()
#10 /Users/xuanfei/Projects/Lijizu/web/2/framework/base/CApplication.php(162): CWebApplication->processRequest()
#11 /Users/xuanfei/Projects/Lijizu/web/2/index.php(13): CWebApplication->run()
REQUEST_URI=/index.php?r=site/landing
in /Users/xuanfei/Projects/Lijizu/web/2/protected/views/site/landing.php (26)
in /Users/xuanfei/Projects/Lijizu/web/2/protected/controllers/SiteController.php (69)
in /Users/xuanfei/Projects/Lijizu/web/2/index.php (13)
2013/06/30 23:22:35 [error] [exception.CException] exception 'CException' with message 'Property "RequestForm.1" is not defined.' in /Users/xuanfei/Projects/Lijizu/web/2/framework/base/CComponent.php:131
Stack trace:
#0 /Users/xuanfei/Projects/Lijizu/web/2/framework/web/helpers/CHtml.php(2044): CComponent->__get('1')
#1 /Users/xuanfei/Projects/Lijizu/web/2/framework/web/helpers/CHtml.php(1402): CHtml::resolveValue(Object(RequestForm), 1)
#2 /Users/xuanfei/Projects/Lijizu/web/2/framework/web/widgets/CActiveForm.php(681): CHtml::activeDropDownList(Object(RequestForm), 1, Array, Array)
#3 /Users/xuanfei/Projects/Lijizu/web/2/protected/views/site/landing.php(26): CActiveForm->dropDownList(Object(RequestForm), 1, Array)
#4 /Users/xuanfei/Projects/Lijizu/web/2/framework/web/CBaseController.php(127): require('/Users/xuanfei/...')
#5 /Users/xuanfei/Projects/Lijizu/web/2/framework/web/CBaseController.php(96): CBaseController->renderInternal('/Users/xuanfei/...', Array, true)
#6 /Users/xuanfei/Projects/Lijizu/web/2/framework/web/CController.php(870): CBaseController->renderFile('/Users/xuanfei/...', Array, true)
#7 /Users/xuanfei/Projects/Lijizu/web/2/framework/web/CController.php(783): CController->renderPartial('landing', Array, true)
#8 /Users/xuanfei/Projects/Lijizu/web/2/protected/controllers/SiteController.php(69): CController->render('landing', Array)
#9 /Users/xuanfei/Projects/Lijizu/web/2/framework/web/actions/CInlineAction.php(50): SiteController->actionLanding()
#10 /Users/xuanfei/Projects/Lijizu/web/2/framework/web/CController.php(309): CInlineAction->runWithParams(Array)
#11 /Users/xuanfei/Projects/Lijizu/web/2/framework/web/CController.php(287): CController->runAction(Object(CInlineAction))
#12 /Users/xuanfei/Projects/Lijizu/web/2/framework/web/CController.php(266): CController->runActionWithFilters(Object(CInlineAction), Array)
#13 /Users/xuanfei/Projects/Lijizu/web/2/framework/web/CWebApplication.php(318): CController->run('landing')
#14 /Users/xuanfei/Projects/Lijizu/web/2/framework/web/CWebApplication.php(177): CWebApplication->runController('site/landing')
#15 /Users/xuanfei/Projects/Lijizu/web/2/framework/base/CApplication.php(162): CWebApplication->processRequest()
#16 /Users/xuanfei/Projects/Lijizu/web/2/index.php(13): CApplication->run()
#17 {main}
REQUEST_URI=/index.php?r=site/landing
---
2013/06/30 23:22:57 [error] [php] Missing argument 3 for CActiveForm::dropDownList(), called in /Users/xuanfei/Projects/Lijizu/web/2/protected/views/site/landing.php on line 32 and defined (/Users/xuanfei/Projects/Lijizu/web/2/framework/web/widgets/CActiveForm.php:679)
Stack trace:
#0 /Users/xuanfei/Projects/Lijizu/web/2/framework/web/CBaseController.php(96): SiteController->renderInternal()
#1 /Users/xuanfei/Projects/Lijizu/web/2/framework/web/CController.php(870): SiteController->renderFile()
#2 /Users/xuanfei/Projects/Lijizu/web/2/framework/web/CController.php(783): SiteController->renderPartial()
#3 /Users/xuanfei/Projects/Lijizu/web/2/protected/controllers/SiteController.php(69): SiteController->render()
#4 /Users/xuanfei/Projects/Lijizu/web/2/framework/web/actions/CInlineAction.php(50): SiteController->actionLanding()
#5 /Users/xuanfei/Projects/Lijizu/web/2/framework/web/CController.php(309): CInlineAction->runWithParams()
#6 /Users/xuanfei/Projects/Lijizu/web/2/framework/web/CController.php(287): SiteController->runAction()
#7 /Users/xuanfei/Projects/Lijizu/web/2/framework/web/CController.php(266): SiteController->runActionWithFilters()
#8 /Users/xuanfei/Projects/Lijizu/web/2/framework/web/CWebApplication.php(318): SiteController->run()
#9 /Users/xuanfei/Projects/Lijizu/web/2/framework/web/CWebApplication.php(177): CWebApplication->runController()
#10 /Users/xuanfei/Projects/Lijizu/web/2/framework/base/CApplication.php(162): CWebApplication->processRequest()
#11 /Users/xuanfei/Projects/Lijizu/web/2/index.php(13): CWebApplication->run()
REQUEST_URI=/index.php?r=site/landing
in /Users/xuanfei/Projects/Lijizu/web/2/protected/views/site/landing.php (32)
in /Users/xuanfei/Projects/Lijizu/web/2/protected/controllers/SiteController.php (69)
in /Users/xuanfei/Projects/Lijizu/web/2/index.php (13)
